<?xml version="1.0" encoding="UTF-8"?>
<testsuite xmlns:xsi="http://www.w3.org/2001/XMLSchema-instance" xsi:noNamespaceSchemaLocation="https://maven.apache.org/surefire/maven-surefire-plugin/xsd/surefire-test-report.xsd" name="helloworldapp.HelloWorldWorkflowTest" time="10.032" tests="2" errors="0" skipped="0" failures="0">
  <properties>
    <property name="sun.desktop" value="gnome"/>
    <property name="awt.toolkit" value="sun.awt.X11.XToolkit"/>
    <property name="java.specification.version" value="11"/>
    <property name="sun.cpu.isalist" value=""/>
    <property name="sun.jnu.encoding" value="UTF-8"/>
    <property name="java.class.path" value="/home/anurag/hello-world-temporal/app/target/test-classes:/home/anurag/hello-world-temporal/app/target/classes:/home/anurag/.m2/repository/io/temporal/temporal-sdk/1.19.0/temporal-sdk-1.19.0.jar:/home/anurag/.m2/repository/io/temporal/temporal-serviceclient/1.19.0/temporal-serviceclient-1.19.0.jar:/home/anurag/.m2/repository/io/grpc/grpc-api/1.53.0/grpc-api-1.53.0.jar:/home/anurag/.m2/repository/io/grpc/grpc-context/1.53.0/grpc-context-1.53.0.jar:/home/anurag/.m2/repository/io/grpc/grpc-stub/1.53.0/grpc-stub-1.53.0.jar:/home/anurag/.m2/repository/io/grpc/grpc-netty-shaded/1.53.0/grpc-netty-shaded-1.53.0.jar:/home/anurag/.m2/repository/io/perfmark/perfmark-api/0.25.0/perfmark-api-0.25.0.jar:/home/anurag/.m2/repository/io/grpc/grpc-core/1.53.0/grpc-core-1.53.0.jar:/home/anurag/.m2/repository/com/google/android/annotations/4.1.1.4/annotations-4.1.1.4.jar:/home/anurag/.m2/repository/org/codehaus/mojo/animal-sniffer-annotations/1.21/animal-sniffer-annotations-1.21.jar:/home/anurag/.m2/repository/io/grpc/grpc-services/1.53.0/grpc-services-1.53.0.jar:/home/anurag/.m2/repository/io/grpc/grpc-protobuf/1.53.0/grpc-protobuf-1.53.0.jar:/home/anurag/.m2/repository/com/google/protobuf/protobuf-java/3.21.7/protobuf-java-3.21.7.jar:/home/anurag/.m2/repository/com/google/api/grpc/proto-google-common-protos/2.9.0/proto-google-common-protos-2.9.0.jar:/home/anurag/.m2/repository/io/grpc/grpc-protobuf-lite/1.53.0/grpc-protobuf-lite-1.53.0.jar:/home/anurag/.m2/repository/com/google/protobuf/protobuf-java-util/3.22.0/protobuf-java-util-3.22.0.jar:/home/anurag/.m2/repository/com/uber/m3/tally-core/0.13.0/tally-core-0.13.0.jar:/home/anurag/.m2/repository/com/google/code/gson/gson/2.10.1/gson-2.10.1.jar:/home/anurag/.m2/repository/io/micrometer/micrometer-core/1.9.9/micrometer-core-1.9.9.jar:/home/anurag/.m2/repository/org/hdrhistogram/HdrHistogram/2.1.12/HdrHistogram-2.1.12.jar:/home/anurag/.m2/repository/org/latencyutils/LatencyUtils/2.0.3/LatencyUtils-2.0.3.jar:/home/anurag/.m2/repository/com/fasterxml/jackson/core/jackson-databind/2.14.2/jackson-databind-2.14.2.jar:/home/anurag/.m2/repository/com/fasterxml/jackson/core/jackson-annotations/2.14.2/jackson-annotations-2.14.2.jar:/home/anurag/.m2/repository/com/fasterxml/jackson/core/jackson-core/2.14.2/jackson-core-2.14.2.jar:/home/anurag/.m2/repository/com/google/guava/guava/31.1-jre/guava-31.1-jre.jar:/home/anurag/.m2/repository/com/google/guava/failureaccess/1.0.1/failureaccess-1.0.1.jar:/home/anurag/.m2/repository/com/google/guava/listenablefuture/9999.0-empty-to-avoid-conflict-with-guava/listenablefuture-9999.0-empty-to-avoid-conflict-with-guava.jar:/home/anurag/.m2/repository/com/google/code/findbugs/jsr305/3.0.2/jsr305-3.0.2.jar:/home/anurag/.m2/repository/org/checkerframework/checker-qual/3.12.0/checker-qual-3.12.0.jar:/home/anurag/.m2/repository/com/google/errorprone/error_prone_annotations/2.11.0/error_prone_annotations-2.11.0.jar:/home/anurag/.m2/repository/com/google/j2objc/j2objc-annotations/1.3/j2objc-annotations-1.3.jar:/home/anurag/.m2/repository/com/fasterxml/jackson/datatype/jackson-datatype-jsr310/2.14.2/jackson-datatype-jsr310-2.14.2.jar:/home/anurag/.m2/repository/com/fasterxml/jackson/datatype/jackson-datatype-jdk8/2.14.2/jackson-datatype-jdk8-2.14.2.jar:/home/anurag/.m2/repository/org/slf4j/slf4j-nop/2.0.6/slf4j-nop-2.0.6.jar:/home/anurag/.m2/repository/org/slf4j/slf4j-api/2.0.6/slf4j-api-2.0.6.jar:/home/anurag/.m2/repository/io/temporal/temporal-testing/1.19.0/temporal-testing-1.19.0.jar:/home/anurag/.m2/repository/io/temporal/temporal-test-server/1.19.0/temporal-test-server-1.19.0.jar:/home/anurag/.m2/repository/com/cronutils/cron-utils/9.2.0/cron-utils-9.2.0.jar:/home/anurag/.m2/repository/org/glassfish/jakarta.el/3.0.4/jakarta.el-3.0.4.jar:/home/anurag/.m2/repository/com/jayway/jsonpath/json-path/2.7.0/json-path-2.7.0.jar:/home/anurag/.m2/repository/net/minidev/json-smart/2.4.7/json-smart-2.4.7.jar:/home/anurag/.m2/repository/net/minidev/accessors-smart/2.4.7/accessors-smart-2.4.7.jar:/home/anurag/.m2/repository/org/ow2/asm/asm/9.1/asm-9.1.jar:/home/anurag/.m2/repository/junit/junit/4.11/junit-4.11.jar:/home/anurag/.m2/repository/org/hamcrest/hamcrest-core/1.3/hamcrest-core-1.3.jar:/home/anurag/.m2/repository/org/mockito/mockito-core/5.1.1/mockito-core-5.1.1.jar:/home/anurag/.m2/repository/net/bytebuddy/byte-buddy/1.12.22/byte-buddy-1.12.22.jar:/home/anurag/.m2/repository/net/bytebuddy/byte-buddy-agent/1.12.22/byte-buddy-agent-1.12.22.jar:/home/anurag/.m2/repository/org/objenesis/objenesis/3.3/objenesis-3.3.jar:"/>
    <property name="java.vm.vendor" value="Ubuntu"/>
    <property name="sun.arch.data.model" value="64"/>
    <property name="java.vendor.url" value="https://ubuntu.com/"/>
    <property name="user.timezone" value=""/>
    <property name="java.vm.specification.version" value="11"/>
    <property name="os.name" value="Linux"/>
    <property name="sun.java.launcher" value="SUN_STANDARD"/>
    <property name="user.country" value="IN"/>
    <property name="sun.boot.library.path" value="/usr/lib/jvm/java-11-openjdk-amd64/lib"/>
    <property name="sun.java.command" value="/home/anurag/hello-world-temporal/app/target/surefire/surefirebooter15200392505594997009.jar /home/anurag/hello-world-temporal/app/target/surefire 2023-08-10T16-18-08_921-jvmRun1 surefire17493872895382073078tmp surefire_02560299894840312550tmp"/>
    <property name="jdk.debug" value="release"/>
    <property name="surefire.test.class.path" value="/home/anurag/hello-world-temporal/app/target/test-classes:/home/anurag/hello-world-temporal/app/target/classes:/home/anurag/.m2/repository/io/temporal/temporal-sdk/1.19.0/temporal-sdk-1.19.0.jar:/home/anurag/.m2/repository/io/temporal/temporal-serviceclient/1.19.0/temporal-serviceclient-1.19.0.jar:/home/anurag/.m2/repository/io/grpc/grpc-api/1.53.0/grpc-api-1.53.0.jar:/home/anurag/.m2/repository/io/grpc/grpc-context/1.53.0/grpc-context-1.53.0.jar:/home/anurag/.m2/repository/io/grpc/grpc-stub/1.53.0/grpc-stub-1.53.0.jar:/home/anurag/.m2/repository/io/grpc/grpc-netty-shaded/1.53.0/grpc-netty-shaded-1.53.0.jar:/home/anurag/.m2/repository/io/perfmark/perfmark-api/0.25.0/perfmark-api-0.25.0.jar:/home/anurag/.m2/repository/io/grpc/grpc-core/1.53.0/grpc-core-1.53.0.jar:/home/anurag/.m2/repository/com/google/android/annotations/4.1.1.4/annotations-4.1.1.4.jar:/home/anurag/.m2/repository/org/codehaus/mojo/animal-sniffer-annotations/1.21/animal-sniffer-annotations-1.21.jar:/home/anurag/.m2/repository/io/grpc/grpc-services/1.53.0/grpc-services-1.53.0.jar:/home/anurag/.m2/repository/io/grpc/grpc-protobuf/1.53.0/grpc-protobuf-1.53.0.jar:/home/anurag/.m2/repository/com/google/protobuf/protobuf-java/3.21.7/protobuf-java-3.21.7.jar:/home/anurag/.m2/repository/com/google/api/grpc/proto-google-common-protos/2.9.0/proto-google-common-protos-2.9.0.jar:/home/anurag/.m2/repository/io/grpc/grpc-protobuf-lite/1.53.0/grpc-protobuf-lite-1.53.0.jar:/home/anurag/.m2/repository/com/google/protobuf/protobuf-java-util/3.22.0/protobuf-java-util-3.22.0.jar:/home/anurag/.m2/repository/com/uber/m3/tally-core/0.13.0/tally-core-0.13.0.jar:/home/anurag/.m2/repository/com/google/code/gson/gson/2.10.1/gson-2.10.1.jar:/home/anurag/.m2/repository/io/micrometer/micrometer-core/1.9.9/micrometer-core-1.9.9.jar:/home/anurag/.m2/repository/org/hdrhistogram/HdrHistogram/2.1.12/HdrHistogram-2.1.12.jar:/home/anurag/.m2/repository/org/latencyutils/LatencyUtils/2.0.3/LatencyUtils-2.0.3.jar:/home/anurag/.m2/repository/com/fasterxml/jackson/core/jackson-databind/2.14.2/jackson-databind-2.14.2.jar:/home/anurag/.m2/repository/com/fasterxml/jackson/core/jackson-annotations/2.14.2/jackson-annotations-2.14.2.jar:/home/anurag/.m2/repository/com/fasterxml/jackson/core/jackson-core/2.14.2/jackson-core-2.14.2.jar:/home/anurag/.m2/repository/com/google/guava/guava/31.1-jre/guava-31.1-jre.jar:/home/anurag/.m2/repository/com/google/guava/failureaccess/1.0.1/failureaccess-1.0.1.jar:/home/anurag/.m2/repository/com/google/guava/listenablefuture/9999.0-empty-to-avoid-conflict-with-guava/listenablefuture-9999.0-empty-to-avoid-conflict-with-guava.jar:/home/anurag/.m2/repository/com/google/code/findbugs/jsr305/3.0.2/jsr305-3.0.2.jar:/home/anurag/.m2/repository/org/checkerframework/checker-qual/3.12.0/checker-qual-3.12.0.jar:/home/anurag/.m2/repository/com/google/errorprone/error_prone_annotations/2.11.0/error_prone_annotations-2.11.0.jar:/home/anurag/.m2/repository/com/google/j2objc/j2objc-annotations/1.3/j2objc-annotations-1.3.jar:/home/anurag/.m2/repository/com/fasterxml/jackson/datatype/jackson-datatype-jsr310/2.14.2/jackson-datatype-jsr310-2.14.2.jar:/home/anurag/.m2/repository/com/fasterxml/jackson/datatype/jackson-datatype-jdk8/2.14.2/jackson-datatype-jdk8-2.14.2.jar:/home/anurag/.m2/repository/org/slf4j/slf4j-nop/2.0.6/slf4j-nop-2.0.6.jar:/home/anurag/.m2/repository/org/slf4j/slf4j-api/2.0.6/slf4j-api-2.0.6.jar:/home/anurag/.m2/repository/io/temporal/temporal-testing/1.19.0/temporal-testing-1.19.0.jar:/home/anurag/.m2/repository/io/temporal/temporal-test-server/1.19.0/temporal-test-server-1.19.0.jar:/home/anurag/.m2/repository/com/cronutils/cron-utils/9.2.0/cron-utils-9.2.0.jar:/home/anurag/.m2/repository/org/glassfish/jakarta.el/3.0.4/jakarta.el-3.0.4.jar:/home/anurag/.m2/repository/com/jayway/jsonpath/json-path/2.7.0/json-path-2.7.0.jar:/home/anurag/.m2/repository/net/minidev/json-smart/2.4.7/json-smart-2.4.7.jar:/home/anurag/.m2/repository/net/minidev/accessors-smart/2.4.7/accessors-smart-2.4.7.jar:/home/anurag/.m2/repository/org/ow2/asm/asm/9.1/asm-9.1.jar:/home/anurag/.m2/repository/junit/junit/4.11/junit-4.11.jar:/home/anurag/.m2/repository/org/hamcrest/hamcrest-core/1.3/hamcrest-core-1.3.jar:/home/anurag/.m2/repository/org/mockito/mockito-core/5.1.1/mockito-core-5.1.1.jar:/home/anurag/.m2/repository/net/bytebuddy/byte-buddy/1.12.22/byte-buddy-1.12.22.jar:/home/anurag/.m2/repository/net/bytebuddy/byte-buddy-agent/1.12.22/byte-buddy-agent-1.12.22.jar:/home/anurag/.m2/repository/org/objenesis/objenesis/3.3/objenesis-3.3.jar:"/>
    <property name="sun.cpu.endian" value="little"/>
    <property name="user.home" value="/home/anurag"/>
    <property name="user.language" value="en"/>
    <property name="java.specification.vendor" value="Oracle Corporation"/>
    <property name="java.version.date" value="2023-07-18"/>
    <property name="java.home" value="/usr/lib/jvm/java-11-openjdk-amd64"/>
    <property name="file.separator" value="/"/>
    <property name="basedir" value="/home/anurag/hello-world-temporal/app"/>
    <property name="java.vm.compressedOopsMode" value="32-bit"/>
    <property name="line.separator" value="&#10;"/>
    <property name="java.specification.name" value="Java Platform API Specification"/>
    <property name="java.vm.specification.vendor" value="Oracle Corporation"/>
    <property name="java.awt.graphicsenv" value="sun.awt.X11GraphicsEnvironment"/>
    <property name="surefire.real.class.path" value="/home/anurag/hello-world-temporal/app/target/surefire/surefirebooter15200392505594997009.jar"/>
    <property name="sun.management.compiler" value="HotSpot 64-Bit Tiered Compilers"/>
    <property name="java.runtime.version" value="11.0.20+8-post-Ubuntu-1ubuntu122.04"/>
    <property name="user.name" value="anurag"/>
    <property name="path.separator" value=":"/>
    <property name="os.version" value="5.19.0-50-generic"/>
    <property name="java.runtime.name" value="OpenJDK Runtime Environment"/>
    <property name="file.encoding" value="UTF-8"/>
    <property name="java.vm.name" value="OpenJDK 64-Bit Server VM"/>
    <property name="localRepository" value="/home/anurag/.m2/repository"/>
    <property name="java.vendor.url.bug" value="https://bugs.launchpad.net/ubuntu/+source/openjdk-lts"/>
    <property name="java.io.tmpdir" value="/tmp"/>
    <property name="java.version" value="11.0.20"/>
    <property name="user.dir" value="/home/anurag/hello-world-temporal/app"/>
    <property name="os.arch" value="amd64"/>
    <property name="java.vm.specification.name" value="Java Virtual Machine Specification"/>
    <property name="java.awt.printerjob" value="sun.print.PSPrinterJob"/>
    <property name="sun.os.patch.level" value="unknown"/>
    <property name="java.library.path" value="/usr/java/packages/lib:/usr/lib/x86_64-linux-gnu/jni:/lib/x86_64-linux-gnu:/usr/lib/x86_64-linux-gnu:/usr/lib/jni:/lib:/usr/lib"/>
    <property name="java.vm.info" value="mixed mode, sharing"/>
    <property name="java.vendor" value="Ubuntu"/>
    <property name="java.vm.version" value="11.0.20+8-post-Ubuntu-1ubuntu122.04"/>
    <property name="java.specification.maintenance.version" value="2"/>
    <property name="sun.io.unicode.encoding" value="UnicodeLittle"/>
    <property name="java.class.version" value="55.0"/>
  </properties>
  <testcase name="testMockedGetGreeting" classname="helloworldapp.HelloWorldWorkflowTest" time="6.675"/>
  <testcase name="testIntegrationGetGreeting" classname="helloworldapp.HelloWorldWorkflowTest" time="0.26"/>
</testsuite>